<?xml version="1.0" encoding="UTF-8"?>
<!-- Generated by org.testng.reporters.JUnitXMLReporter -->
<testsuite hostname="AYSETURHAN" ignored="0" name="Testing with chrome" tests="4" failures="0" timestamp="2020-05-17T23:52:46 EEST" time="65.479" errors="0">
  <testcase name="invalidID" time="7.247" classname="com.techproed.crossbrowsertests.NegativeTest"/>
  <testcase name="invalidIDAndPass" time="7.646" classname="com.techproed.crossbrowsertests.NegativeTest"/>
  <testcase name="invalidPass" time="8.123" classname="com.techproed.crossbrowsertests.NegativeTest"/>
  <testcase name="positiveLoginTest" time="15.833" classname="com.techproed.crossbrowsertests.PositiveTest"/>
</testsuite> <!-- Testing with chrome -->
