<?xml version="1.0" encoding="UTF-8"?>
<!-- Generated by org.testng.reporters.JUnitXMLReporter -->
<testsuite hostname="AYSETURHAN" ignored="0" name="Testing with firefox" tests="4" failures="0" timestamp="2020-05-17T23:53:44 EEST" time="57.463" errors="0">
  <testcase name="invalidID" time="6.198" classname="com.techproed.crossbrowsertests.NegativeTest"/>
  <testcase name="invalidIDAndPass" time="6.275" classname="com.techproed.crossbrowsertests.NegativeTest"/>
  <testcase name="invalidPass" time="6.906" classname="com.techproed.crossbrowsertests.NegativeTest"/>
  <testcase name="positiveLoginTest" time="10.954" classname="com.techproed.crossbrowsertests.PositiveTest"/>
</testsuite> <!-- Testing with firefox -->
